2025-05-08 19:32:22 - logs_handler.py - root - INFO - 
================================================================================
== NEW APPLICATION RUN: 2025-05-08 19:32:22 =======================================
2025-05-08 19:32:22 - logs_handler.py - root - INFO - Logging configured with level=INFO
2025-05-08 19:32:22 - logs_handler.py - root - INFO - File logging enabled at: c:\NETSCAN_Formator\devCode\logs_dir\app_20250508.log
2025-05-08 19:32:24 - main.py - __main__ - INFO - Initializing the config
2025-05-08 19:32:24 - loadconfig.py - config.loadconfig - INFO - Loading configuration from file
2025-05-08 19:32:24 - folder_operations.py - common_func.folder_operations - INFO - Subfolder already present: C:\File\NETSCAN\Input
2025-05-08 19:32:24 - folder_operations.py - common_func.folder_operations - INFO - Subfolder already present: C:\File\NETSCAN\Output
2025-05-08 19:32:24 - folder_operations.py - common_func.folder_operations - INFO - Subfolder already present: C:\File\NETSCAN\Process
2025-05-08 19:32:24 - folder_operations.py - common_func.folder_operations - INFO - Subfolder already present: C:\File\NETSCAN\Temp
2025-05-08 19:32:24 - folder_operations.py - common_func.folder_operations - INFO - Subfolder already present: C:\File\NETSCAN\Unprocessed
2025-05-08 19:32:24 - main.py - __main__ - INFO - ** Started Processing file: NETSCAN_COtest.zip **
2025-05-08 19:32:24 - main.py - __main__ - INFO - Processing folder: C:\File\NETSCAN\temp
2025-05-08 19:32:24 - main.py - __main__ - INFO - Processing folder: C:\File\NETSCAN\process
2025-05-08 19:32:24 - main.py - __main__ - INFO - File extraction started from input path
2025-05-08 19:32:24 - folder_operations.py - common_func.folder_operations - INFO - Extracting ZIP file: C:\File\NETSCAN\input\NETSCAN_COtest.zip to C:\File\NETSCAN\input\NETSCAN_COtest
2025-05-08 19:32:24 - folder_operations.py - common_func.folder_operations - INFO - Extracted C:\File\NETSCAN\input\NETSCAN_COtest.zip to C:\File\NETSCAN\input\NETSCAN_COtest
2025-05-08 19:32:24 - folder_operations.py - common_func.folder_operations - INFO - Completed extraction of C:\File\NETSCAN\input\NETSCAN_COtest.zip
2025-05-08 19:32:24 - extract_input.py - extract_input - INFO - Looping through folders in base directory: C:\File\NETSCAN\input\NETSCAN_COtest
2025-05-08 19:32:24 - extract_input.py - extract_input - INFO - Found file: C:\File\NETSCAN\input\NETSCAN_COtest\co_p001a166AddInfo.pdf
2025-05-08 19:32:24 - extract_input.py - extract_input - INFO - Processing file: C:\File\NETSCAN\input\NETSCAN_COtest\co_p001a166AddInfo.pdf
2025-05-08 19:32:24 - abby_pdf_to_docx.py - converter_modules.abbyy_integration.abby_pdf_to_docx - INFO - Initializing Engine...
2025-05-08 19:32:24 - abby_pdf_to_docx.py - converter_modules.abbyy_integration.abby_pdf_to_docx - INFO - Engine initialized
2025-05-08 19:32:24 - abby_pdf_to_docx.py - converter_modules.abbyy_integration.abby_pdf_to_docx - INFO - Loading predefined profile...
2025-05-08 19:32:24 - abby_pdf_to_docx.py - converter_modules.abbyy_integration.abby_pdf_to_docx - INFO - Loading image...
2025-05-08 19:32:25 - abby_pdf_to_docx.py - converter_modules.abbyy_integration.abby_pdf_to_docx - INFO - Process...
2025-05-08 19:32:32 - abby_pdf_to_docx.py - converter_modules.abbyy_integration.abby_pdf_to_docx - INFO - Saving results...
2025-05-08 19:32:32 - abby_pdf_to_docx.py - converter_modules.abbyy_integration.abby_pdf_to_docx - INFO - Deinitializing Engine...
2025-05-08 19:32:33 - extract_input.py - extract_input - INFO - Converted PDF to DOCX: C:\File\NETSCAN\process\co_p001a166AddInfo.docx
2025-05-08 19:32:33 - co_region_main.py - root - INFO - Starting main_co_files function with input: C:\File\NETSCAN\process\co_p001a166AddInfo.docx
2025-05-08 19:32:33 - co_region_main.py - root - INFO - header check : False
2025-05-08 19:32:33 - co_region_main.py - root - INFO - read document
2025-05-08 19:32:33 - co_region_main.py - root - INFO - number of images identified 1
2025-05-08 19:32:33 - co_region_main.py - root - INFO - Number of images extracted: 1
2025-05-08 19:32:33 - co_region_main.py - root - INFO - Removed hyperlinks and saved as C:\File\NETSCAN\process\co_p001a166AddInfo.docx
2025-05-08 19:32:33 - generic_instructions.py - core_components.generic_instruction.generic_instructions - INFO -  Formatted document and saved: C:\File\NETSCAN\process\co_p001a166AddInfo.docx
2025-05-08 19:32:33 - word_table_operations.py - root - INFO - added border to table
2025-05-08 19:32:33 - word_table_operations.py - root - INFO - added border to table
2025-05-08 19:32:33 - word_table_operations.py - root - INFO - added border to table
2025-05-08 19:32:33 - word_table_operations.py - root - INFO - added border to table
2025-05-08 19:32:33 - word_table_operations.py - root - INFO - added border to table
2025-05-08 19:32:33 - word_table_operations.py - root - INFO - replaced image with tag non-displayable image text
2025-05-08 19:32:36 - word_table_operations.py - root - INFO - Removed line numbering
2025-05-08 19:32:45 - word_bullets_operations.py - root - INFO - Replaced 154 bullets in co_p001a166AddInfo.docx
2025-05-08 19:32:48 - word_bullets_operations.py - root - INFO - Set Bullet follow character to space in co_p001a166AddInfo.docx
2025-05-08 19:32:48 - word_bullets_operations.py - root - INFO - Set Bullet font to Times New Roman size 12 in co_p001a166AddInfo.docx
2025-05-08 19:32:48 - word_paragraph_operations.py - root - INFO - Total paragraphs: 53
2025-05-08 19:32:48 - word_paragraph_operations.py - root - INFO - Successfully processed document
2025-05-08 19:32:48 - word_paragraph_operations.py - root - INFO - Margins adjusted and selective first-line indentation applied to the document: C:\File\NETSCAN\process\co_p001a166AddInfo.docx
2025-05-08 19:32:48 - extract_input.py - extract_input - INFO - Moved processed file to: C:\File\NETSCAN\Output\NETSCAN_COtest\co_p001a166AddInfo.doc
2025-05-08 19:32:48 - extract_input.py - extract_input - INFO - Original file deleted: C:\File\NETSCAN\input\NETSCAN_COtest\co_p001a166AddInfo.pdf
2025-05-08 19:32:51 - main.py - __main__ - INFO - File extraction completed
2025-05-08 19:32:51 - main.py - __main__ - INFO - File NETSCAN_COtest.zip moved to archive: C:\File\NETSCAN\Archive\MAY_08_2025
2025-05-08 20:08:04 - logs_handler.py - root - INFO - 
================================================================================
== NEW APPLICATION RUN: 2025-05-08 20:08:04 =======================================
2025-05-08 20:08:04 - logs_handler.py - root - INFO - Logging configured with level=INFO
2025-05-08 20:08:04 - logs_handler.py - root - INFO - File logging enabled at: c:\NETSCAN_Formator\devCode\logs_dir\app_20250508.log
2025-05-08 20:08:05 - main.py - __main__ - INFO - Initializing the config
2025-05-08 20:08:05 - loadconfig.py - config.loadconfig - INFO - Loading configuration from file
2025-05-08 20:08:05 - folder_operations.py - common_func.folder_operations - INFO - Subfolder already present: C:\File\NETSCAN\Input
2025-05-08 20:08:05 - folder_operations.py - common_func.folder_operations - INFO - Subfolder already present: C:\File\NETSCAN\Output
2025-05-08 20:08:05 - folder_operations.py - common_func.folder_operations - INFO - Subfolder already present: C:\File\NETSCAN\Process
2025-05-08 20:08:05 - folder_operations.py - common_func.folder_operations - INFO - Subfolder already present: C:\File\NETSCAN\Temp
2025-05-08 20:08:05 - folder_operations.py - common_func.folder_operations - INFO - Subfolder already present: C:\File\NETSCAN\Unprocessed
2025-05-08 20:08:05 - main.py - __main__ - INFO - ** Started Processing file: NETSCAN_COtest.zip **
2025-05-08 20:08:05 - folder_operations.py - root - INFO - Processing folder: C:\File\NETSCAN\temp
2025-05-08 20:08:05 - folder_operations.py - root - INFO - Processing folder: C:\File\NETSCAN\process
2025-05-08 20:08:05 - main.py - __main__ - INFO - File extraction started from input path
2025-05-08 20:08:05 - folder_operations.py - common_func.folder_operations - INFO - Extracting ZIP file: C:\File\NETSCAN\input\NETSCAN_COtest.zip to C:\File\NETSCAN\input\NETSCAN_COtest
2025-05-08 20:08:05 - folder_operations.py - common_func.folder_operations - INFO - Extracted C:\File\NETSCAN\input\NETSCAN_COtest.zip to C:\File\NETSCAN\input\NETSCAN_COtest
2025-05-08 20:08:05 - folder_operations.py - common_func.folder_operations - INFO - Completed extraction of C:\File\NETSCAN\input\NETSCAN_COtest.zip
2025-05-08 20:08:05 - extract_input.py - extract_input - INFO - Looping through folders in base directory: C:\File\NETSCAN\input\NETSCAN_COtest
2025-05-08 20:08:05 - extract_input.py - extract_input - INFO - Found file: C:\File\NETSCAN\input\NETSCAN_COtest\co_p001a166AddInfo.pdf
2025-05-08 20:08:05 - extract_input.py - extract_input - INFO - Processing file: C:\File\NETSCAN\input\NETSCAN_COtest\co_p001a166AddInfo.pdf
2025-05-08 20:08:05 - abby_pdf_to_docx.py - converter_modules.abbyy_integration.abby_pdf_to_docx - INFO - Initializing Engine...
2025-05-08 20:08:05 - abby_pdf_to_docx.py - converter_modules.abbyy_integration.abby_pdf_to_docx - INFO - Engine initialized
2025-05-08 20:08:05 - abby_pdf_to_docx.py - converter_modules.abbyy_integration.abby_pdf_to_docx - INFO - Loading predefined profile...
2025-05-08 20:08:05 - abby_pdf_to_docx.py - converter_modules.abbyy_integration.abby_pdf_to_docx - INFO - Loading image...
2025-05-08 20:08:06 - abby_pdf_to_docx.py - converter_modules.abbyy_integration.abby_pdf_to_docx - INFO - Process...
2025-05-08 20:08:12 - abby_pdf_to_docx.py - converter_modules.abbyy_integration.abby_pdf_to_docx - INFO - Saving results...
2025-05-08 20:08:13 - abby_pdf_to_docx.py - converter_modules.abbyy_integration.abby_pdf_to_docx - INFO - Deinitializing Engine...
2025-05-08 20:08:13 - extract_input.py - extract_input - INFO - Converted PDF to DOCX: C:\File\NETSCAN\process\co_p001a166AddInfo.docx
2025-05-08 20:08:13 - co_region_main.py - root - INFO - Starting main_co_files function with input: C:\File\NETSCAN\process\co_p001a166AddInfo.docx
2025-05-08 20:08:13 - co_region_main.py - root - INFO - header check : False
2025-05-08 20:08:13 - co_region_main.py - root - INFO - read document
2025-05-08 20:08:13 - co_region_main.py - root - INFO - number of images identified 1
2025-05-08 20:08:13 - co_region_main.py - root - INFO - Number of images extracted: 1
2025-05-08 20:08:13 - co_region_main.py - root - INFO - Removed hyperlinks and saved as C:\File\NETSCAN\process\co_p001a166AddInfo.docx
2025-05-08 20:08:13 - generic_instructions.py - core_components.generic_instruction.generic_instructions - INFO -  Formatted document and saved: C:\File\NETSCAN\process\co_p001a166AddInfo.docx
2025-05-08 20:08:13 - word_table_operations.py - root - INFO - added border to table
2025-05-08 20:08:13 - word_table_operations.py - root - INFO - added border to table
2025-05-08 20:08:13 - word_table_operations.py - root - INFO - added border to table
2025-05-08 20:08:13 - word_table_operations.py - root - INFO - added border to table
2025-05-08 20:08:13 - word_table_operations.py - root - INFO - added border to table
2025-05-08 20:08:13 - word_table_operations.py - root - INFO - replaced image with tag non-displayable image text
2025-05-08 20:08:16 - word_table_operations.py - root - INFO - Removed line numbering
2025-05-08 20:08:24 - word_bullets_operations.py - root - INFO - Replaced 154 bullets in co_p001a166AddInfo.docx
2025-05-08 20:08:24 - word_bullets_operations.py - root - INFO - Set Bullet follow character to space in co_p001a166AddInfo.docx
2025-05-08 20:08:24 - word_bullets_operations.py - root - INFO - Set Bullet font to Times New Roman size 12 in co_p001a166AddInfo.docx
2025-05-08 20:08:24 - word_paragraph_operations.py - root - INFO - Total paragraphs: 53
2025-05-08 20:08:24 - word_paragraph_operations.py - root - INFO - Successfully processed document
2025-05-08 20:08:24 - word_paragraph_operations.py - root - INFO - Margins adjusted and selective first-line indentation applied to the document: C:\File\NETSCAN\process\co_p001a166AddInfo.docx
2025-05-08 20:08:24 - extract_input.py - extract_input - INFO - Moved processed file to: C:\File\NETSCAN\Output\NETSCAN_COtest\co_p001a166AddInfo.doc
2025-05-08 20:08:24 - extract_input.py - extract_input - INFO - Original file deleted: C:\File\NETSCAN\input\NETSCAN_COtest\co_p001a166AddInfo.pdf
2025-05-08 20:08:27 - main.py - __main__ - INFO - File extraction completed
2025-05-08 20:08:27 - main.py - __main__ - WARNING - Destination path 'C:\File\NETSCAN\Archive\MAY_08_2025\NETSCAN_COtest.zip' already exists
2025-05-08 22:50:33 - logs_handler.py - root - INFO - 
================================================================================
== NEW APPLICATION RUN: 2025-05-08 22:50:33 =======================================
2025-05-08 22:50:33 - logs_handler.py - root - INFO - Logging configured with level=INFO
2025-05-08 22:50:33 - logs_handler.py - root - INFO - File logging enabled at: c:\NETSCAN_Formator\devCode\logs_dir\app_20250508.log
2025-05-08 22:50:33 - main.py - __main__ - INFO - Initializing the config
2025-05-08 22:50:33 - loadconfig.py - config.loadconfig - INFO - Loading configuration from file
2025-05-08 22:50:33 - folder_operations.py - common_func.folder_operations - INFO - Subfolder already present: C:\File\NETSCAN\Input
2025-05-08 22:50:33 - folder_operations.py - common_func.folder_operations - INFO - Subfolder already present: C:\File\NETSCAN\Output
2025-05-08 22:50:33 - folder_operations.py - common_func.folder_operations - INFO - Subfolder already present: C:\File\NETSCAN\Process
2025-05-08 22:50:33 - folder_operations.py - common_func.folder_operations - INFO - Subfolder already present: C:\File\NETSCAN\Temp
2025-05-08 22:50:33 - folder_operations.py - common_func.folder_operations - INFO - Subfolder already present: C:\File\NETSCAN\Unprocessed
2025-05-08 22:50:33 - main.py - __main__ - INFO - ** Started Processing file: NETSCAN_COtest.zip **
2025-05-08 22:50:33 - folder_operations.py - root - INFO - Processing folder: C:\File\NETSCAN\temp
2025-05-08 22:50:33 - folder_operations.py - root - INFO - Processing folder: C:\File\NETSCAN\process
2025-05-08 22:50:33 - main.py - __main__ - INFO - File extraction started from input path
2025-05-08 22:50:33 - folder_operations.py - common_func.folder_operations - INFO - Extracting ZIP file: C:\File\NETSCAN\input\NETSCAN_COtest.zip to C:\File\NETSCAN\input\NETSCAN_COtest
2025-05-08 22:50:33 - folder_operations.py - common_func.folder_operations - INFO - Extracted C:\File\NETSCAN\input\NETSCAN_COtest.zip to C:\File\NETSCAN\input\NETSCAN_COtest
2025-05-08 22:50:33 - folder_operations.py - common_func.folder_operations - INFO - Completed extraction of C:\File\NETSCAN\input\NETSCAN_COtest.zip
2025-05-08 22:50:33 - extract_input.py - extract_input - INFO - Looping through folders in base directory: C:\File\NETSCAN\input\NETSCAN_COtest
2025-05-08 22:50:33 - extract_input.py - extract_input - INFO - Found file: C:\File\NETSCAN\input\NETSCAN_COtest\co_p001a166AddInfo.pdf
2025-05-08 22:50:33 - extract_input.py - extract_input - INFO - Processing file: C:\File\NETSCAN\input\NETSCAN_COtest\co_p001a166AddInfo.pdf
2025-05-08 22:50:33 - abby_pdf_to_docx.py - converter_modules.abbyy_integration.abby_pdf_to_docx - INFO - Initializing Engine...
2025-05-08 22:50:34 - abby_pdf_to_docx.py - converter_modules.abbyy_integration.abby_pdf_to_docx - INFO - Engine initialized
2025-05-08 22:50:34 - abby_pdf_to_docx.py - converter_modules.abbyy_integration.abby_pdf_to_docx - INFO - Loading predefined profile...
2025-05-08 22:50:34 - abby_pdf_to_docx.py - converter_modules.abbyy_integration.abby_pdf_to_docx - INFO - Loading image...
2025-05-08 22:50:35 - abby_pdf_to_docx.py - converter_modules.abbyy_integration.abby_pdf_to_docx - INFO - Process...
2025-05-08 22:50:41 - abby_pdf_to_docx.py - converter_modules.abbyy_integration.abby_pdf_to_docx - INFO - Saving results...
2025-05-08 22:50:41 - abby_pdf_to_docx.py - converter_modules.abbyy_integration.abby_pdf_to_docx - INFO - Deinitializing Engine...
2025-05-08 22:50:41 - extract_input.py - extract_input - INFO - Converted PDF to DOCX: C:\File\NETSCAN\process\co_p001a166AddInfo.docx
2025-05-08 22:50:41 - co_region_main.py - core_components.jurisdictions.co.co_region_main - INFO - Starting main_co_files function with input: C:\File\NETSCAN\process\co_p001a166AddInfo.docx
2025-05-08 22:50:41 - co_region_main.py - core_components.jurisdictions.co.co_region_main - INFO - header check : False
2025-05-08 22:50:41 - co_region_main.py - core_components.jurisdictions.co.co_region_main - INFO - read document
2025-05-08 22:50:42 - co_region_main.py - core_components.jurisdictions.co.co_region_main - INFO - number of images identified 1
2025-05-08 22:50:42 - co_region_main.py - core_components.jurisdictions.co.co_region_main - INFO - Number of images extracted: 1
2025-05-08 22:50:42 - word_paragraph_operations.py - root - INFO - Removed hyperlinks and saved as C:\File\NETSCAN\process\co_p001a166AddInfo.docx
2025-05-08 22:50:42 - generic_instructions.py - core_components.generic_instruction.generic_instructions - INFO -  Formatted document and saved: C:\File\NETSCAN\process\co_p001a166AddInfo.docx
2025-05-08 22:50:42 - word_table_operations.py - root - INFO - added border to table
2025-05-08 22:50:42 - word_table_operations.py - root - INFO - added border to table
2025-05-08 22:50:42 - word_table_operations.py - root - INFO - added border to table
2025-05-08 22:50:42 - word_table_operations.py - root - INFO - added border to table
2025-05-08 22:50:42 - word_table_operations.py - root - INFO - added border to table
2025-05-08 22:50:42 - word_table_operations.py - root - INFO - replaced image with tag non-displayable image text
2025-05-08 22:50:45 - word_table_operations.py - root - INFO - Removed line numbering
2025-05-08 22:50:56 - word_bullets_operations.py - root - INFO - Replaced 154 bullets in co_p001a166AddInfo.docx
2025-05-08 22:51:00 - word_bullets_operations.py - root - INFO - Set Bullet follow character to space in co_p001a166AddInfo.docx
2025-05-08 22:51:00 - word_bullets_operations.py - root - INFO - Set Bullet font to Times New Roman size 12 in co_p001a166AddInfo.docx
2025-05-08 22:51:00 - word_paragraph_operations.py - root - INFO - Total paragraphs: 53
2025-05-08 22:51:00 - word_paragraph_operations.py - root - INFO - Successfully processed document
2025-05-08 22:51:00 - word_paragraph_operations.py - root - INFO - Margins adjusted and selective first-line indentation applied to the document: C:\File\NETSCAN\process\co_p001a166AddInfo.docx
2025-05-08 22:51:00 - extract_input.py - extract_input - INFO - Moved processed file to: C:\File\NETSCAN\Output\NETSCAN_COtest\co_p001a166AddInfo.doc
2025-05-08 22:51:00 - extract_input.py - extract_input - INFO - Original file deleted: C:\File\NETSCAN\input\NETSCAN_COtest\co_p001a166AddInfo.pdf
2025-05-08 22:51:03 - main.py - __main__ - INFO - File extraction completed
2025-05-08 22:51:03 - main.py - __main__ - WARNING - Destination path 'C:\File\NETSCAN\Archive\MAY_08_2025\NETSCAN_COtest.zip' already exists
2025-05-08 22:52:17 - logs_handler.py - root - INFO - 
================================================================================
== NEW APPLICATION RUN: 2025-05-08 22:52:17 =======================================
2025-05-08 22:52:17 - logs_handler.py - root - INFO - Logging configured with level=INFO
2025-05-08 22:52:17 - logs_handler.py - root - INFO - File logging enabled at: c:\NETSCAN_Formator\devCode\logs_dir\app_20250508.log
2025-05-08 22:52:18 - main.py - __main__ - INFO - Initializing the config
2025-05-08 22:52:18 - loadconfig.py - config.loadconfig - INFO - Loading configuration from file
2025-05-08 22:52:18 - folder_operations.py - common_func.folder_operations - INFO - Subfolder already present: C:\File\NETSCAN\Input
2025-05-08 22:52:18 - folder_operations.py - common_func.folder_operations - INFO - Subfolder already present: C:\File\NETSCAN\Output
2025-05-08 22:52:18 - folder_operations.py - common_func.folder_operations - INFO - Subfolder already present: C:\File\NETSCAN\Process
2025-05-08 22:52:18 - folder_operations.py - common_func.folder_operations - INFO - Subfolder already present: C:\File\NETSCAN\Temp
2025-05-08 22:52:18 - folder_operations.py - common_func.folder_operations - INFO - Subfolder already present: C:\File\NETSCAN\Unprocessed
2025-05-08 22:52:18 - main.py - __main__ - INFO - ** Started Processing file: NETSCAN_COtest.zip **
2025-05-08 22:52:18 - folder_operations.py - root - INFO - Processing folder: C:\File\NETSCAN\temp
2025-05-08 22:52:18 - folder_operations.py - root - INFO - Processing folder: C:\File\NETSCAN\process
2025-05-08 22:52:18 - main.py - __main__ - INFO - File extraction started from input path
2025-05-08 22:52:18 - folder_operations.py - common_func.folder_operations - INFO - Extracting ZIP file: C:\File\NETSCAN\input\NETSCAN_COtest.zip to C:\File\NETSCAN\input\NETSCAN_COtest
2025-05-08 22:52:18 - folder_operations.py - common_func.folder_operations - INFO - Extracted C:\File\NETSCAN\input\NETSCAN_COtest.zip to C:\File\NETSCAN\input\NETSCAN_COtest
2025-05-08 22:52:18 - folder_operations.py - common_func.folder_operations - INFO - Completed extraction of C:\File\NETSCAN\input\NETSCAN_COtest.zip
2025-05-08 22:52:18 - extract_input.py - extract_input - INFO - Looping through folders in base directory: C:\File\NETSCAN\input\NETSCAN_COtest
2025-05-08 22:52:18 - extract_input.py - extract_input - INFO - Found file: C:\File\NETSCAN\input\NETSCAN_COtest\co_p001a166AddInfo.pdf
2025-05-08 22:52:18 - extract_input.py - extract_input - INFO - Processing file: C:\File\NETSCAN\input\NETSCAN_COtest\co_p001a166AddInfo.pdf
2025-05-08 22:52:18 - abby_pdf_to_docx.py - converter_modules.abbyy_integration.abby_pdf_to_docx - INFO - Initializing Engine...
2025-05-08 22:52:18 - abby_pdf_to_docx.py - converter_modules.abbyy_integration.abby_pdf_to_docx - INFO - Engine initialized
2025-05-08 22:52:18 - abby_pdf_to_docx.py - converter_modules.abbyy_integration.abby_pdf_to_docx - INFO - Loading predefined profile...
2025-05-08 22:52:18 - abby_pdf_to_docx.py - converter_modules.abbyy_integration.abby_pdf_to_docx - INFO - Loading image...
2025-05-08 22:52:19 - abby_pdf_to_docx.py - converter_modules.abbyy_integration.abby_pdf_to_docx - INFO - Process...
2025-05-08 22:52:25 - abby_pdf_to_docx.py - converter_modules.abbyy_integration.abby_pdf_to_docx - INFO - Saving results...
2025-05-08 22:52:26 - abby_pdf_to_docx.py - converter_modules.abbyy_integration.abby_pdf_to_docx - INFO - Deinitializing Engine...
2025-05-08 22:52:26 - extract_input.py - extract_input - INFO - Converted PDF to DOCX: C:\File\NETSCAN\process\co_p001a166AddInfo.docx
2025-05-08 22:52:26 - co_region_main.py - core_components.jurisdictions.co.co_region_main - INFO - Starting main_co_files function with input: C:\File\NETSCAN\process\co_p001a166AddInfo.docx
2025-05-08 22:52:26 - co_region_main.py - core_components.jurisdictions.co.co_region_main - INFO - header check : False
2025-05-08 22:52:26 - co_region_main.py - core_components.jurisdictions.co.co_region_main - INFO - read document
2025-05-08 22:52:26 - co_region_main.py - core_components.jurisdictions.co.co_region_main - INFO - number of images identified 1
2025-05-08 22:52:26 - co_region_main.py - core_components.jurisdictions.co.co_region_main - INFO - Number of images extracted: 1
2025-05-08 22:52:26 - word_paragraph_operations.py - root - INFO - Removed hyperlinks and saved as C:\File\NETSCAN\process\co_p001a166AddInfo.docx
2025-05-08 22:52:26 - generic_instructions.py - core_components.generic_instruction.generic_instructions - INFO -  Formatted document and saved: C:\File\NETSCAN\process\co_p001a166AddInfo.docx
2025-05-08 22:52:26 - word_table_operations.py - root - INFO - added border to table
2025-05-08 22:52:26 - word_table_operations.py - root - INFO - added border to table
2025-05-08 22:52:26 - word_table_operations.py - root - INFO - added border to table
2025-05-08 22:52:26 - word_table_operations.py - root - INFO - added border to table
2025-05-08 22:52:26 - word_table_operations.py - root - INFO - added border to table
2025-05-08 22:52:26 - word_table_operations.py - root - INFO - replaced image with tag non-displayable image text
2025-05-08 22:52:29 - word_table_operations.py - root - INFO - Removed line numbering
2025-05-08 22:52:36 - word_bullets_operations.py - root - INFO - Replaced 148 bullets in co_p001a166AddInfo.docx
2025-05-08 22:52:39 - word_bullets_operations.py - root - INFO - Set Bullet follow character to space in co_p001a166AddInfo.docx
2025-05-08 22:52:39 - word_bullets_operations.py - root - INFO - Set Bullet font to Times New Roman size 12 in co_p001a166AddInfo.docx
2025-05-08 22:52:39 - word_paragraph_operations.py - root - INFO - Total paragraphs: 47
2025-05-08 22:52:39 - word_paragraph_operations.py - root - INFO - Successfully processed document
2025-05-08 22:52:39 - word_paragraph_operations.py - root - INFO - Margins adjusted and selective first-line indentation applied to the document: C:\File\NETSCAN\process\co_p001a166AddInfo.docx
2025-05-08 22:52:39 - extract_input.py - extract_input - INFO - Moved processed file to: C:\File\NETSCAN\Output\NETSCAN_COtest\co_p001a166AddInfo.doc
2025-05-08 22:52:39 - extract_input.py - extract_input - INFO - Original file deleted: C:\File\NETSCAN\input\NETSCAN_COtest\co_p001a166AddInfo.pdf
2025-05-08 22:52:42 - main.py - __main__ - INFO - File extraction completed
2025-05-08 22:52:42 - main.py - __main__ - WARNING - Destination path 'C:\File\NETSCAN\Archive\MAY_08_2025\NETSCAN_COtest.zip' already exists
